<?xml version="1.0" encoding="UTF-8"?>
<!-- Generated by org.testng.reporters.JUnitXMLReporter -->
<testsuite hostname="AlEman" name="Default test" tests="1" failures="0" timestamp="7 Aug 2019 13:46:03 GMT" time="0.057" errors="0">
  <testcase name="@BeforeTest setup" time="0.0" classname="com.gojek.gojek.NewTest">
    <failure type="org.testng.TestNGException" message="
Parameter &amp;apos;crossbrowser&amp;apos; is required by @Configuration on method setup but has not been marked @Optional or defined
in C:\Users\Home\AppData\Local\Temp\testng-eclipse-1042768824\testng-customsuite.xml">
      <![CDATA[org.testng.TestNGException: 
Parameter 'crossbrowser' is required by @Configuration on method setup but has not been marked @Optional or defined
in C:\Users\Home\AppData\Local\Temp\testng-eclipse-1042768824\testng-customsuite.xml
	at org.testng.internal.Parameters.createParameters(Parameters.java:154)
	at org.testng.internal.Parameters.createParameters(Parameters.java:361)
	at org.testng.internal.Parameters.createConfigurationParameters(Parameters.java:84)
	at org.testng.internal.Invoker.invokeConfigurations(Invoker.java:201)
	at org.testng.internal.Invoker.invokeConfigurations(Invoker.java:142)
	at org.testng.TestRunner.beforeRun(TestRunner.java:656)
	at org.testng.TestRunner.run(TestRunner.java:624)
	at org.testng.SuiteRunner.runTest(SuiteRunner.java:366)
	at org.testng.SuiteRunner.runSequentially(SuiteRunner.java:361)
	at org.testng.SuiteRunner.privateRun(SuiteRunner.java:319)
	at org.testng.SuiteRunner.run(SuiteRunner.java:268)
	at org.testng.SuiteRunnerWorker.runSuite(SuiteRunnerWorker.java:52)
	at org.testng.SuiteRunnerWorker.run(SuiteRunnerWorker.java:86)
	at org.testng.TestNG.runSuitesSequentially(TestNG.java:1244)
	at org.testng.TestNG.runSuitesLocally(TestNG.java:1169)
	at org.testng.TestNG.run(TestNG.java:1064)
	at org.testng.remote.AbstractRemoteTestNG.run(AbstractRemoteTestNG.java:132)
	at org.testng.remote.RemoteTestNG.initAndRun(RemoteTestNG.java:236)
	at org.testng.remote.RemoteTestNG.main(RemoteTestNG.java:81)
]]>
    </failure>
  </testcase> <!-- @BeforeTest setup -->
  <testcase name="@AfterTest teardown" time="0.0" classname="com.gojek.gojek.NewTest">
    <skipped/>
  </testcase> <!-- @AfterTest teardown -->
  <testcase name="Test" time="0.012" classname="com.gojek.gojek.NewTest">
    <skipped/>
  </testcase> <!-- Test -->
</testsuite> <!-- Default test -->
