<?xml version="1.0" encoding="UTF-8"?>
<!-- Generated by org.testng.reporters.JUnitXMLReporter -->
<testsuite hostname="AlEman" name="Test1" tests="1" failures="0" timestamp="7 Aug 2019 10:12:28 GMT" time="10.747" errors="0">
  <testcase name="@BeforeTest setup" time="0.0" classname="com.gojek.gojek.NewTest">
    <failure type="org.openqa.selenium.SessionNotCreatedException" message="Unable to create new remote session. desired capabilities = Capabilities [{marionette=true, firefoxOptions=org.openqa.selenium.firefox.FirefoxOptions@4d0d9fe7, browserName=firefox, moz:firefoxOptions=org.openqa.selenium.firefox.FirefoxOptions@4d0d9fe7, version=, platform=ANY}], required capabilities = Capabilities [{}]
Build info: version: &amp;apos;3.0.0&amp;apos;, revision: &amp;apos;350cf60&amp;apos;, time: &amp;apos;2016-10-13 10:48:57 -0700&amp;apos;
System info: host: &amp;apos;AlEman&amp;apos;, ip: &amp;apos;10.4.147.196&amp;apos;, os.name: &amp;apos;Windows 8&amp;apos;, os.arch: &amp;apos;amd64&amp;apos;, os.version: &amp;apos;6.2&amp;apos;, java.version: &amp;apos;1.8.0_201&amp;apos;
Driver info: driver.version: FirefoxDriver">
      <![CDATA[org.openqa.selenium.SessionNotCreatedException: Unable to create new remote session. desired capabilities = Capabilities [{marionette=true, firefoxOptions=org.openqa.selenium.firefox.FirefoxOptions@4d0d9fe7, browserName=firefox, moz:firefoxOptions=org.openqa.selenium.firefox.FirefoxOptions@4d0d9fe7, version=, platform=ANY}], required capabilities = Capabilities [{}]
Build info: version: '3.0.0', revision: '350cf60', time: '2016-10-13 10:48:57 -0700'
System info: host: 'AlEman', ip: '10.4.147.196', os.name: 'Windows 8', os.arch: 'amd64', os.version: '6.2', java.version: '1.8.0_201'
Driver info: driver.version: FirefoxDriver
	at org.openqa.selenium.remote.ProtocolHandshake.createSession(ProtocolHandshake.java:91)
	at org.openqa.selenium.remote.HttpCommandExecutor.execute(HttpCommandExecutor.java:141)
	at org.openqa.selenium.remote.service.DriverCommandExecutor.execute(DriverCommandExecutor.java:82)
	at org.openqa.selenium.remote.RemoteWebDriver.execute(RemoteWebDriver.java:601)
	at org.openqa.selenium.remote.RemoteWebDriver.startSession(RemoteWebDriver.java:241)
	at org.openqa.selenium.remote.RemoteWebDriver.<init>(RemoteWebDriver.java:128)
	at org.openqa.selenium.firefox.FirefoxDriver.<init>(FirefoxDriver.java:259)
	at org.openqa.selenium.firefox.FirefoxDriver.<init>(FirefoxDriver.java:247)
	at org.openqa.selenium.firefox.FirefoxDriver.<init>(FirefoxDriver.java:242)
	at org.openqa.selenium.firefox.FirefoxDriver.<init>(FirefoxDriver.java:238)
	at org.openqa.selenium.firefox.FirefoxDriver.<init>(FirefoxDriver.java:127)
	at com.gojek.gojek.NewTest.setup(NewTest.java:34)
... Removed 22 stack frames]]>
    </failure>
  </testcase> <!-- @BeforeTest setup -->
  <testcase name="@AfterMethod teardown" time="0.0" classname="com.gojek.gojek.NewTest">
    <skipped/>
  </testcase> <!-- @AfterMethod teardown -->
  <testcase name="testParameterWithXML" time="0.007" classname="com.gojek.gojek.NewTest">
    <skipped/>
  </testcase> <!-- testParameterWithXML -->
</testsuite> <!-- Test1 -->
